2024-07-19T04:04:07+00:00 NOTICE handleOrderUpdate :: order_status
2024-07-19T04:28:03+00:00 NOTICE handleOrderUpdate :: order_status
2024-07-19T04:28:20+00:00 NOTICE handleOrderUpdate :: order_status
2024-07-19T04:28:20+00:00 NOTICE handleOrderUpdate :: order_status
2024-07-19T04:28:44+00:00 NOTICE handleOrderUpdate :: order_status
2024-07-19T04:28:45+00:00 NOTICE handleOrderUpdate :: order_status
2024-07-19T04:34:09+00:00 NOTICE handleOrderUpdate :: order_status
2024-07-19T04:35:43+00:00 NOTICE handleOrderUpdate :: order_status
2024-07-19T04:36:45+00:00 NOTICE handleOrderUpdate :: order_status
2024-07-19T04:37:57+00:00 NOTICE handleOrderUpdate :: order_status
2024-07-19T04:40:00+00:00 NOTICE handleOrderUpdate :: order_status
2024-07-19T04:40:00+00:00 NOTICE handleOrderUpdate :: order_status
2024-07-19T04:40:00+00:00 NOTICE handleOrderUpdate :: order_status
2024-07-19T04:40:32+00:00 NOTICE handleOrderUpdate :: order_status
2024-07-19T04:46:47+00:00 NOTICE handleOrderUpdate :: order_status
2024-07-19T04:47:16+00:00 NOTICE handleOrderUpdate :: order_status
2024-07-19T04:56:00+00:00 NOTICE handleOrderUpdate :: order_status
2024-07-19T04:56:01+00:00 NOTICE handleOrderUpdate :: order_status
2024-07-19T04:56:51+00:00 NOTICE handleOrderUpdate :: order_status
2024-07-19T04:57:22+00:00 NOTICE handleOrderUpdate :: order_status
2024-07-19T04:57:47+00:00 NOTICE handleOrderUpdate :: order_status
2024-07-19T04:58:45+00:00 NOTICE handleOrderUpdate :: order_status
2024-07-19T04:59:03+00:00 NOTICE handleOrderUpdate :: order_status
2024-07-19T04:59:04+00:00 NOTICE handleOrderUpdate :: order_status
2024-07-19T05:00:10+00:00 NOTICE handleOrderUpdate :: order_status
2024-07-19T05:00:11+00:00 NOTICE handleOrderUpdate :: order_status
2024-07-19T05:02:06+00:00 NOTICE handleOrderUpdate :: order_status
2024-07-19T05:06:51+00:00 NOTICE handleOrderUpdate :: order_status
2024-07-19T05:10:47+00:00 NOTICE profile :: user_update_subscribe_status :: Array
(
    [subscribed] => 
    [user_id] => 1
    [gdpr_fields] => 
)

2024-07-19T05:11:38+00:00 NOTICE profile :: user_update_subscribe_status :: Array
(
    [subscribed] => 
    [user_id] => 1
    [gdpr_fields] => 
)

2024-07-19T05:17:15+00:00 NOTICE handleOrderUpdate :: order_status
2024-07-19T05:18:14+00:00 NOTICE handleOrderUpdate :: order_status
2024-07-19T06:16:11+00:00 NOTICE handleOrderUpdate :: order_status
2024-07-19T06:21:44+00:00 NOTICE handleOrderUpdate :: order_status
2024-07-19T06:30:08+00:00 NOTICE handleOrderUpdate :: order_status
2024-07-19T06:30:10+00:00 NOTICE handleOrderUpdate :: order_status
2024-07-19T06:30:56+00:00 NOTICE handleOrderUpdate :: order_status
2024-07-19T06:30:57+00:00 NOTICE handleOrderUpdate :: order_status
2024-07-19T06:34:26+00:00 NOTICE handleOrderUpdate :: order_status
2024-07-19T06:34:31+00:00 NOTICE handleOrderUpdate :: order_status
2024-07-19T06:37:20+00:00 NOTICE handleOrderUpdate :: order_status
2024-07-19T08:08:36+00:00 NOTICE handleOrderUpdate :: order_status
2024-07-19T08:11:37+00:00 NOTICE handleOrderUpdate :: order_status
2024-07-19T08:12:28+00:00 NOTICE handleOrderUpdate :: order_status
2024-07-19T09:15:16+00:00 NOTICE handleOrderUpdate :: order_status
2024-07-19T09:15:16+00:00 NOTICE handleOrderUpdate :: order_status
2024-07-19T09:56:26+00:00 NOTICE action_scheduler.queue_job :: MailChimp_WooCommerce_Single_Product starts in 5 seconds :: obj_id 494
2024-07-19T11:17:44+00:00 NOTICE handleOrderUpdate :: order_status
2024-07-19T11:19:43+00:00 NOTICE handleOrderUpdate :: order_status
2024-07-19T11:19:55+00:00 NOTICE handleOrderUpdate :: order_status
2024-07-19T11:19:56+00:00 NOTICE handleOrderUpdate :: order_status
2024-07-19T12:32:13+00:00 NOTICE handleOrderUpdate :: order_status
2024-07-19T12:32:14+00:00 NOTICE handleOrderUpdate :: order_status
2024-07-19T12:44:19+00:00 NOTICE action_scheduler.queue_job :: MailChimp_WooCommerce_Single_Product starts in 5 seconds :: obj_id 502
